# JRE version: Java(TM) SE Runtime Environment (17.0.9+11) (build 17.0.9+11-LTS-201)
# Java VM: Java HotSpot(TM) 64-Bit Server VM (17.0.9+11-LTS-201, mixed mode, sharing, tiered, compressed oops, compressed class ptrs, g1 gc, windows-amd64)
GC Precious Log:
 CPUs: 4 total, 4 available
 Memory: 8074M
 Large Page Support: Disabled
 NUMA Support: Disabled
 Compressed Oops: Enabled (32-bit)
 Heap Region Size: 1M
 Heap Min Capacity: 8M
 Heap Initial Capacity: 128M
 Heap Max Capacity: 2020M
 Pre-touch: Disabled
 Parallel Workers: 4
 Concurrent Workers: 1
 Concurrent Refinement Workers: 4
 Periodic GC: Disabled
Heap:
 garbage-first heap   total 55296K, used 22413K [0x0000000081c00000, 0x0000000100000000)
  region size 1024K, 2 young (2048K), 2 survivors (2048K)
 Metaspace       used 46157K, committed 46592K, reserved 1114112K
  class space    used 6291K, committed 6528K, reserved 1048576K
GC Heap History (20 events):
Event: 1.164 GC heap after
{Heap after GC invocations=2 (full 0):
 garbage-first heap   total 131072K, used 8668K [0x0000000081c00000, 0x0000000100000000)
  region size 1024K, 2 young (2048K), 2 survivors (2048K)
 Metaspace       used 6857K, committed 7104K, reserved 1114112K
  class space    used 828K, committed 960K, reserved 1048576K
}
Event: 1.815 GC heap before
{Heap before GC invocations=2 (full 0):
 garbage-first heap   total 131072K, used 33244K [0x0000000081c00000, 0x0000000100000000)
  region size 1024K, 27 young (27648K), 2 survivors (2048K)
 Metaspace       used 12584K, committed 12864K, reserved 1114112K
  class space    used 1719K, committed 1856K, reserved 1048576K
}
Event: 1.819 GC heap after
{Heap after GC invocations=3 (full 0):
 garbage-first heap   total 131072K, used 10427K [0x0000000081c00000, 0x0000000100000000)
  region size 1024K, 3 young (3072K), 3 survivors (3072K)
 Metaspace       used 12584K, committed 12864K, reserved 1114112K
  class space    used 1719K, committed 1856K, reserved 1048576K
}
Event: 2.489 GC heap before
{Heap before GC invocations=3 (full 0):
 garbage-first heap   total 131072K, used 49339K [0x0000000081c00000, 0x0000000100000000)
  region size 1024K, 42 young (43008K), 3 survivors (3072K)
 Metaspace       used 21252K, committed 21504K, reserved 1114112K
  class space    used 2675K, committed 2816K, reserved 1048576K
}
Event: 2.497 GC heap after
{Heap after GC invocations=4 (full 0):
 garbage-first heap   total 131072K, used 14742K [0x0000000081c00000, 0x0000000100000000)
  region size 1024K, 7 young (7168K), 7 survivors (7168K)
 Metaspace       used 21252K, committed 21504K, reserved 1114112K
  class space    used 2675K, committed 2816K, reserved 1048576K
}
Event: 3.484 GC heap before
{Heap before GC invocations=5 (full 0):
 garbage-first heap   total 55296K, used 40342K [0x0000000081c00000, 0x0000000100000000)
  region size 1024K, 32 young (32768K), 7 survivors (7168K)
 Metaspace       used 24971K, committed 25280K, reserved 1114112K
  class space    used 3193K, committed 3328K, reserved 1048576K
}
Event: 3.497 GC heap after
{Heap after GC invocations=6 (full 0):
 garbage-first heap   total 55296K, used 15827K [0x0000000081c00000, 0x0000000100000000)
  region size 1024K, 2 young (2048K), 2 survivors (2048K)
 Metaspace       used 24971K, committed 25280K, reserved 1114112K
  class space    used 3193K, committed 3328K, reserved 1048576K
}
Event: 3.530 GC heap before
{Heap before GC invocations=6 (full 0):
 garbage-first heap   total 55296K, used 16851K [0x0000000081c00000, 0x0000000100000000)
  region size 1024K, 3 young (3072K), 2 survivors (2048K)
 Metaspace       used 25176K, committed 25472K, reserved 1114112K
  class space    used 3240K, committed 3392K, reserved 1048576K
}
Event: 3.536 GC heap after
{Heap after GC invocations=7 (full 0):
 garbage-first heap   total 55296K, used 16786K [0x0000000081c00000, 0x0000000100000000)
  region size 1024K, 1 young (1024K), 1 survivors (1024K)
 Metaspace       used 25176K, committed 25472K, reserved 1114112K
  class space    used 3240K, committed 3392K, reserved 1048576K
}
Event: 4.506 GC heap before
{Heap before GC invocations=7 (full 0):
 garbage-first heap   total 55296K, used 38290K [0x0000000081c00000, 0x0000000100000000)
  region size 1024K, 22 young (22528K), 1 survivors (1024K)
 Metaspace       used 28769K, committed 29120K, reserved 1114112K
  class space    used 3811K, committed 3968K, reserved 1048576K
}
Event: 4.510 GC heap after
{Heap after GC invocations=8 (full 0):
 garbage-first heap   total 55296K, used 18054K [0x0000000081c00000, 0x0000000100000000)
  region size 1024K, 2 young (2048K), 2 survivors (2048K)
 Metaspace       used 28769K, committed 29120K, reserved 1114112K
  class space    used 3811K, committed 3968K, reserved 1048576K
}
Event: 5.365 GC heap before
{Heap before GC invocations=8 (full 0):
 garbage-first heap   total 55296K, used 40582K [0x0000000081c00000, 0x0000000100000000)
  region size 1024K, 24 young (24576K), 2 survivors (2048K)
 Metaspace       used 33644K, committed 34112K, reserved 1114112K
  class space    used 4453K, committed 4672K, reserved 1048576K
}
Event: 5.374 GC heap after
{Heap after GC invocations=9 (full 0):
 garbage-first heap   total 55296K, used 20352K [0x0000000081c00000, 0x0000000100000000)
  region size 1024K, 3 young (3072K), 3 survivors (3072K)
 Metaspace       used 33644K, committed 34112K, reserved 1114112K
  class space    used 4453K, committed 4672K, reserved 1048576K
}
Event: 5.726 GC heap before
{Heap before GC invocations=9 (full 0):
 garbage-first heap   total 55296K, used 32640K [0x0000000081c00000, 0x0000000100000000)
  region size 1024K, 16 young (16384K), 3 survivors (3072K)
 Metaspace       used 35728K, committed 36096K, reserved 1114112K
  class space    used 4732K, committed 4928K, reserved 1048576K
}
Event: 5.730 GC heap after
{Heap after GC invocations=10 (full 0):
 garbage-first heap   total 55296K, used 21031K [0x0000000081c00000, 0x0000000100000000)
  region size 1024K, 1 young (1024K), 1 survivors (1024K)
 Metaspace       used 35728K, committed 36096K, reserved 1114112K
  class space    used 4732K, committed 4928K, reserved 1048576K
}
Event: 6.348 GC heap before
{Heap before GC invocations=11 (full 0):
 garbage-first heap   total 55296K, used 41511K [0x0000000081c00000, 0x0000000100000000)
  region size 1024K, 21 young (21504K), 1 survivors (1024K)
 Metaspace       used 40104K, committed 40512K, reserved 1114112K
  class space    used 5489K, committed 5696K, reserved 1048576K
}
Event: 6.351 GC heap after
{Heap after GC invocations=12 (full 0):
 garbage-first heap   total 55296K, used 21872K [0x0000000081c00000, 0x0000000100000000)
  region size 1024K, 2 young (2048K), 2 survivors (2048K)
 Metaspace       used 40104K, committed 40512K, reserved 1114112K
  class space    used 5489K, committed 5696K, reserved 1048576K
}
Event: 6.384 GC heap before
{Heap before GC invocations=12 (full 0):
 garbage-first heap   total 55296K, used 22896K [0x0000000081c00000, 0x0000000100000000)
  region size 1024K, 3 young (3072K), 2 survivors (2048K)
 Metaspace       used 40397K, committed 40768K, reserved 1114112K
  class space    used 5529K, committed 5696K, reserved 1048576K
}
Event: 6.391 GC heap after
{Heap after GC invocations=13 (full 0):
 garbage-first heap   total 55296K, used 21197K [0x0000000081c00000, 0x0000000100000000)
  region size 1024K, 1 young (1024K), 1 survivors (1024K)
 Metaspace       used 40397K, committed 40768K, reserved 1114112K
  class space    used 5529K, committed 5696K, reserved 1048576K
}
Event: 7.242 GC heap before
{Heap before GC invocations=13 (full 0):
 garbage-first heap   total 55296K, used 41677K [0x0000000081c00000, 0x0000000100000000)
  region size 1024K, 21 young (21504K), 1 survivors (1024K)
 Metaspace       used 46157K, committed 46592K, reserved 1114112K
  class space    used 6291K, committed 6528K, reserved 1048576K
}

